F:\DOKUMENTYSZYMONA\PROJEKTY\OPENGL\1\PIERWSZY\PIERWSZY\DEBUG\MAIN.OBJ
F:\DOKUMENTYSZYMONA\PROJEKTY\OPENGL\1\PIERWSZY\PIERWSZY\DEBUG\VC110.PDB
F:\DOKUMENTYSZYMONA\PROJEKTY\OPENGL\1\PIERWSZY\DEBUG\PIERWSZY.ILK
F:\DOKUMENTYSZYMONA\PROJEKTY\OPENGL\1\PIERWSZY\DEBUG\PIERWSZY.EXE
F:\DOKUMENTYSZYMONA\PROJEKTY\OPENGL\1\PIERWSZY\DEBUG\PIERWSZY.PDB
F:\DokumentySzymona\Projekty\OpenGL\1\pierwszy\pierwszy\Debug\main.obj
F:\DokumentySzymona\Projekty\OpenGL\1\pierwszy\pierwszy\Debug\cl.command.1.tlog
F:\DokumentySzymona\Projekty\OpenGL\1\pierwszy\pierwszy\Debug\CL.read.1.tlog
F:\DokumentySzymona\Projekty\OpenGL\1\pierwszy\pierwszy\Debug\CL.write.1.tlog
F:\DokumentySzymona\Projekty\OpenGL\1\pierwszy\pierwszy\Debug\link-cvtres.read.1.tlog
F:\DokumentySzymona\Projekty\OpenGL\1\pierwszy\pierwszy\Debug\link-cvtres.write.1.tlog
F:\DokumentySzymona\Projekty\OpenGL\1\pierwszy\pierwszy\Debug\link-rc.read.1.tlog
F:\DokumentySzymona\Projekty\OpenGL\1\pierwszy\pierwszy\Debug\link-rc.write.1.tlog
F:\DokumentySzymona\Projekty\OpenGL\1\pierwszy\pierwszy\Debug\link.8388-cvtres.read.1.tlog
F:\DokumentySzymona\Projekty\OpenGL\1\pierwszy\pierwszy\Debug\link.8388-cvtres.write.1.tlog
F:\DokumentySzymona\Projekty\OpenGL\1\pierwszy\pierwszy\Debug\link.8388-rc.read.1.tlog
F:\DokumentySzymona\Projekty\OpenGL\1\pierwszy\pierwszy\Debug\link.8388-rc.write.1.tlog
F:\DokumentySzymona\Projekty\OpenGL\1\pierwszy\pierwszy\Debug\link.8388.read.1.tlog
F:\DokumentySzymona\Projekty\OpenGL\1\pierwszy\pierwszy\Debug\link.8388.write.1.tlog
F:\DokumentySzymona\Projekty\OpenGL\1\pierwszy\pierwszy\Debug\link.command.1.tlog
F:\DokumentySzymona\Projekty\OpenGL\1\pierwszy\pierwszy\Debug\link.read.1.tlog
F:\DokumentySzymona\Projekty\OpenGL\1\pierwszy\pierwszy\Debug\link.write.1.tlog
F:\DokumentySzymona\Projekty\OpenGL\1\pierwszy\pierwszy\Debug\vc110.idb
F:\DokumentySzymona\Projekty\OpenGL\1\pierwszy\pierwszy\Debug\vc110.pdb
